<?xml version="1.0" encoding="UTF-8"?>
<!-- Generated by org.testng.reporters.JUnitReportReporter -->
<testsuite hostname="Anas-MacBook-Pro.local" failures="1" tests="12" name="runners.MainRunner" time="94.580" errors="0" timestamp="2022-04-19T18:50:50 EEST" skipped="0">
  <testcase classname="runners.MainRunner" name="runScenario" time="12.060"/>
  <system-out/>
  <testcase classname="runners.MainRunner" name="runScenario" time="9.186"/>
  <system-out/>
  <testcase classname="runners.MainRunner" name="runScenario" time="6.995"/>
  <system-out/>
  <testcase classname="runners.MainRunner" name="runScenario" time="7.352"/>
  <system-out/>
  <testcase classname="runners.MainRunner" name="runScenario" time="6.565"/>
  <system-out/>
  <testcase classname="runners.MainRunner" name="runScenario" time="9.872"/>
  <system-out/>
  <testcase classname="runners.MainRunner" name="runScenario" time="6.843"/>
  <system-out/>
  <testcase classname="runners.MainRunner" name="runScenario" time="7.173"/>
  <system-out/>
  <testcase classname="runners.MainRunner" name="runScenario" time="8.390"/>
  <system-out/>
  <testcase classname="runners.MainRunner" name="runScenario" time="6.499"/>
  <system-out/>
  <testcase classname="runners.MainRunner" name="runScenario" time="5.790"/>
  <system-out/>
  <testcase classname="runners.MainRunner" name="runScenario" time="7.855">
    <failure message="expected [€3.00] but found [€2.00]" type="java.lang.AssertionError">
      <![CDATA[java.lang.AssertionError: expected [€3.00] but found [€2.00]
at org.testng.Assert.fail(Assert.java:99)
at org.testng.Assert.failNotEquals(Assert.java:1037)
at org.testng.Assert.assertEqualsImpl(Assert.java:140)
at org.testng.Assert.assertEquals(Assert.java:122)
at org.testng.Assert.assertEquals(Assert.java:629)
at org.testng.Assert.assertEquals(Assert.java:639)
at pageObjects.RestaurantPO.checkCartView(RestaurantPO.java:68)
at stepDefinitions.base.Restaurant.theCartViewButtonShouldBeUpdated(Restaurant.java:38)
at ✽.The cart view button should show the price €2.00(classpath:features/Restaurant.feature:33)
]]>
    </failure>
  </testcase> <!-- runScenario -->
  <system-out/>
</testsuite> <!-- runners.MainRunner -->
